<?xml version="1.0" encoding="UTF-8"?>
<!-- Generated by org.testng.reporters.JUnitReportReporter -->
<testsuite skipped="0" hostname="khushi_Aashi" name="com.demoaut.newTour.TestScripts.Register_TestCase" tests="1" failures="0" timestamp="22 Jan 2018 18:00:07 GMT" time="4.237" errors="0">
  <testcase name="RegisterUser" time="4.237" classname="com.demoaut.newTour.TestScripts.Register_TestCase"/>
</testsuite> <!-- com.demoaut.newTour.TestScripts.Register_TestCase -->
