<?xml version="1.0" encoding="UTF-8"?>
<!-- Generated by org.testng.reporters.JUnitReportReporter -->
<testsuite skipped="0" hostname="khushi_Aashi" name="com.demoaut.newTour.TestScripts.InvalidUserTest" tests="1" failures="0" timestamp="22 Jan 2018 23:37:09 GMT" time="2.884" errors="0">
  <testcase name="invalidTest" time="2.884" classname="com.demoaut.newTour.TestScripts.InvalidUserTest"/>
</testsuite> <!-- com.demoaut.newTour.TestScripts.InvalidUserTest -->
