<?xml version="1.0" encoding="UTF-8"?>
<!-- Generated by org.testng.reporters.JUnitReportReporter -->
<testsuite skipped="0" hostname="khushi_Aashi" name="com.demoaut.newTour.TestScripts.BookTicketTest" tests="1" failures="0" timestamp="22 Jan 2018 16:39:18 GMT" time="8.062" errors="0">
  <testcase name="bookingTest" time="8.062" classname="com.demoaut.newTour.TestScripts.BookTicketTest"/>
</testsuite> <!-- com.demoaut.newTour.TestScripts.BookTicketTest -->
