<?xml version="1.0" encoding="UTF-8"?>
<!-- Generated by org.testng.reporters.JUnitReportReporter -->
<testsuite skipped="0" hostname="khushi_Aashi" name="com.demoaut.newTour.TestScripts.BookTicketTest" tests="1" failures="0" timestamp="22 Jan 2018 23:37:09 GMT" time="9.117" errors="0">
  <testcase name="bookingTest" time="9.117" classname="com.demoaut.newTour.TestScripts.BookTicketTest"/>
</testsuite> <!-- com.demoaut.newTour.TestScripts.BookTicketTest -->
