<?xml version="1.0" encoding="UTF-8"?>
<!-- Generated by org.testng.reporters.JUnitReportReporter -->
<testsuite skipped="0" hostname="khushi_Aashi" name="com.demoaut.newTour.TestScripts.ValidateUserTest" tests="1" failures="0" timestamp="22 Jan 2018 17:53:36 GMT" time="4.423" errors="0">
  <testcase name="userValidation" time="4.423" classname="com.demoaut.newTour.TestScripts.ValidateUserTest"/>
</testsuite> <!-- com.demoaut.newTour.TestScripts.ValidateUserTest -->
