<?xml version="1.0" encoding="UTF-8"?>
<!-- Generated by org.testng.reporters.JUnitReportReporter -->
<testsuite skipped="0" hostname="khushi_Aashi" name="com.demoaut.newTour.TestScripts.BookTicketTest" tests="1" failures="0" timestamp="28 Jan 2018 16:10:19 GMT" time="46.742" errors="0">
  <testcase name="bookingTest" time="46.742" classname="com.demoaut.newTour.TestScripts.BookTicketTest"/>
</testsuite> <!-- com.demoaut.newTour.TestScripts.BookTicketTest -->
