<?xml version="1.0" encoding="UTF-8"?>
<!-- Generated by org.testng.reporters.JUnitReportReporter -->
<testsuite skipped="0" hostname="khushi_Aashi" name="com.NewTourTravel.TestScripts.BookTicket" tests="1" failures="0" timestamp="28 Jan 2018 15:46:19 GMT" time="61.730" errors="0">
  <testcase name="bookTicket" time="61.730" classname="com.NewTourTravel.TestScripts.BookTicket"/>
</testsuite> <!-- com.NewTourTravel.TestScripts.BookTicket -->
