<?xml version="1.0" encoding="UTF-8"?>
<!-- Generated by org.testng.reporters.JUnitReportReporter -->
<testsuite skipped="0" hostname="khushi_Aashi" name="com.TestComplete.TestCase.OrderDetails" tests="1" failures="0" timestamp="05 Feb 2018 23:17:20 GMT" time="1.518" errors="0">
  <testcase name="details" time="1.518" classname="com.TestComplete.TestCase.OrderDetails"/>
</testsuite> <!-- com.TestComplete.TestCase.OrderDetails -->
