<?xml version="1.0" encoding="UTF-8"?>
<!-- Generated by org.testng.reporters.JUnitReportReporter -->
<testsuite skipped="0" hostname="khushi_Aashi" name="com.TestComplete.TestCase.Validate_LoginPage" tests="1" failures="0" timestamp="05 Feb 2018 22:39:38 GMT" time="1.189" errors="0">
  <testcase name="loginValidation" time="1.189" classname="com.TestComplete.TestCase.Validate_LoginPage"/>
</testsuite> <!-- com.TestComplete.TestCase.Validate_LoginPage -->
