<?xml version="1.0" encoding="UTF-8"?>
<!-- Generated by org.testng.reporters.JUnitReportReporter -->
<testsuite skipped="0" hostname="khushi_Aashi" name="com.NewTourTravel.TestScripts.Verify_RegisterPage" tests="1" failures="0" timestamp="31 Jan 2018 00:06:46 GMT" time="12.869" errors="0">
  <testcase name="Verify_Register" time="12.869" classname="com.NewTourTravel.TestScripts.Verify_RegisterPage"/>
</testsuite> <!-- com.NewTourTravel.TestScripts.Verify_RegisterPage -->
