<?xml version="1.0" encoding="UTF-8"?>
<!-- Generated by org.testng.reporters.JUnitReportReporter -->
<testsuite skipped="0" hostname="khushi_Aashi" name="com.NewTourTravel.TestScripts.FlightFinder_Dropdown" tests="1" failures="0" timestamp="26 Jan 2018 20:50:23 GMT" time="34.481" errors="0">
  <testcase name="Passengerdropdown" time="34.481" classname="com.NewTourTravel.TestScripts.FlightFinder_Dropdown"/>
</testsuite> <!-- com.NewTourTravel.TestScripts.FlightFinder_Dropdown -->
